{
  "RSpec": {
    "coverage": {
      "/Users/manasgalipalli/Money/Money/lib/money.rb": [
        null,
        1,
        1,
        1,
        1,
        37,
        37,
        null,
        null,
        1,
        3,
        null,
        null,
        1,
        12,
        10,
        null,
        null,
        1,
        3,
        2,
        null,
        null,
        1,
        4,
        2,
        1,
        null,
        null,
        null,
        1,
        1,
        1,
        1,
        1,
        1,
        1,
        1,
        null,
        null,
        1,
        3,
        3,
        null,
        null,
        1,
        2,
        null,
        1,
        null
      ],
      "/Users/manasgalipalli/Money/Money/lib/negative_amount_exception.rb": [
        1,
        1,
        1,
        null,
        null
      ]
    },
    "timestamp": 1433410454
  }
}
